2014-04-26 14:20:16 [com.mail.MailSender]-[DEBUG]: set system properties success ：mail.smtp.host= smtp.sina.com
2014-04-26 14:20:16 [com.mail.MailSender]-[DEBUG]:  create session and mimeMessage success
2014-04-26 14:20:16 [com.mail.MailSender]-[DEBUG]: set smtp auth success：mail.smtp.auth= true
2014-04-26 14:20:16 [freemarker.cache]-[DEBUG]: Could not find template in cache, creating new one; id=["mailTemplate1.ftl"["zh_CN",UTF-8,parsed] ]
2014-04-26 14:20:16 [com.mail.test.MailUtilTest]-[ERROR]: java.io.FileNotFoundException: Template "mailTemplate1.ftl" not found.
java.io.FileNotFoundException: Template "mailTemplate1.ftl" not found.
	at freemarker.template.Configuration.getTemplate(Configuration.java:742)
	at freemarker.template.Configuration.getTemplate(Configuration.java:665)
	at com.mail.FreemarkerUtil.getTemplateByName(FreemarkerUtil.java:28)
	at com.mail.MailUtil.sendMailByTemplate(MailUtil.java:54)
	at com.mail.test.MailUtilTest.testMailTemplate(MailUtilTest.java:24)
	at sun.reflect.NativeMethodAccessorImpl.invoke0(Native Method)
	at sun.reflect.NativeMethodAccessorImpl.invoke(Unknown Source)
	at sun.reflect.DelegatingMethodAccessorImpl.invoke(Unknown Source)
	at java.lang.reflect.Method.invoke(Unknown Source)
	at org.junit.runners.model.FrameworkMethod$1.runReflectiveCall(FrameworkMethod.java:45)
	at org.junit.internal.runners.model.ReflectiveCallable.run(ReflectiveCallable.java:15)
	at org.junit.runners.model.FrameworkMethod.invokeExplosively(FrameworkMethod.java:42)
	at org.junit.internal.runners.statements.InvokeMethod.evaluate(InvokeMethod.java:20)
	at org.junit.runners.ParentRunner.runLeaf(ParentRunner.java:263)
	at org.junit.runners.BlockJUnit4ClassRunner.runChild(BlockJUnit4ClassRunner.java:68)
	at org.junit.runners.BlockJUnit4ClassRunner.runChild(BlockJUnit4ClassRunner.java:47)
	at org.junit.runners.ParentRunner$3.run(ParentRunner.java:231)
	at org.junit.runners.ParentRunner$1.schedule(ParentRunner.java:60)
	at org.junit.runners.ParentRunner.runChildren(ParentRunner.java:229)
	at org.junit.runners.ParentRunner.access$000(ParentRunner.java:50)
	at org.junit.runners.ParentRunner$2.evaluate(ParentRunner.java:222)
	at org.junit.runners.ParentRunner.run(ParentRunner.java:300)
	at org.eclipse.jdt.internal.junit4.runner.JUnit4TestReference.run(JUnit4TestReference.java:50)
	at org.eclipse.jdt.internal.junit.runner.TestExecution.run(TestExecution.java:38)
	at org.eclipse.jdt.internal.junit.runner.RemoteTestRunner.runTests(RemoteTestRunner.java:467)
	at org.eclipse.jdt.internal.junit.runner.RemoteTestRunner.runTests(RemoteTestRunner.java:683)
	at org.eclipse.jdt.internal.junit.runner.RemoteTestRunner.run(RemoteTestRunner.java:390)
	at org.eclipse.jdt.internal.junit.runner.RemoteTestRunner.main(RemoteTestRunner.java:197)
2014-04-26 14:20:16 [com.mail.MailSender]-[DEBUG]: set system properties success ：mail.smtp.host= smtp.sina.com
2014-04-26 14:20:16 [com.mail.MailSender]-[DEBUG]:  create session and mimeMessage success
2014-04-26 14:20:16 [com.mail.MailSender]-[DEBUG]: set smtp auth success：mail.smtp.auth= true
2014-04-26 14:20:16 [com.mail.MailSender]-[DEBUG]: set mail subject success, subject= test
2014-04-26 14:20:16 [com.mail.MailSender]-[DEBUG]: set mail body content success,mailBody= 普通邮件
2014-04-26 14:20:16 [com.mail.MailSender]-[DEBUG]: set mail receiver success,receiver = 529352479@qq.com
2014-04-26 14:20:16 [com.mail.MailSender]-[DEBUG]:  set mail sender and nickname success , sender= cao_zhifei@sina.com,nickname==?utf-8?B?56e76IGU5L2w5rGH?=
2014-04-26 14:20:17 [com.mail.MailSender]-[DEBUG]:  send mail success
2014-04-26 14:29:18 [com.mail.MailSender]-[DEBUG]: set system properties success ：mail.smtp.host= smtp.sina.com
2014-04-26 14:29:18 [com.mail.MailSender]-[DEBUG]:  create session and mimeMessage success
2014-04-26 14:29:18 [com.mail.MailSender]-[DEBUG]: set smtp auth success：mail.smtp.auth= true
2014-04-26 14:29:18 [com.mail.MailSender]-[DEBUG]: set mail subject success, subject= test
2014-04-26 14:29:18 [com.mail.MailSender]-[DEBUG]: set mail body content success,mailBody= 普通邮件
2014-04-26 14:29:18 [com.mail.MailSender]-[DEBUG]: mail add file success,filename= d:/data.zip
2014-04-26 14:29:18 [com.mail.MailSender]-[DEBUG]: set mail receiver success,receiver = 529352479@qq.com
2014-04-26 14:29:18 [com.mail.MailSender]-[DEBUG]:  set mail sender and nickname success , sender= cao_zhifei@sina.com,nickname==?utf-8?B?56e76IGU5L2w5rGH?=
2014-04-26 14:29:19 [com.mail.MailSender]-[DEBUG]:  send mail success
2014-04-26 14:54:23 [com.common.util.mail.MailSender]-[DEBUG]: set system properties success ：mail.smtp.host= smtp.sina.com
2014-04-26 14:54:23 [com.common.util.mail.MailSender]-[DEBUG]:  create session and mimeMessage success
2014-04-26 14:54:23 [com.common.util.mail.MailSender]-[DEBUG]: set smtp auth success：mail.smtp.auth= true
2014-04-26 14:54:23 [freemarker.cache]-[DEBUG]: Could not find template in cache, creating new one; id=["mailTemplate.ftl"["zh_CN",UTF-8,parsed] ]
2014-04-26 14:54:23 [freemarker.cache]-[DEBUG]: Compiling FreeMarker template "mailTemplate.ftl"["zh_CN",UTF-8,parsed]  from "file:/D:/workspace/mailUtil/target/classes/template/mailTemplate.ftl"
2014-04-26 14:54:24 [com.common.util.mail.MailSender]-[DEBUG]: set mail subject success, subject= test
2014-04-26 14:54:24 [com.common.util.mail.MailSender]-[DEBUG]: set mail body content success,mailBody= <h1>test</h1>模板内容
2014-04-26 14:54:24 [com.common.util.mail.MailSender]-[DEBUG]: set mail receiver success,receiver = 529352479@qq.com
2014-04-26 14:54:24 [com.common.util.mail.MailSender]-[DEBUG]:  set mail sender and nickname success , sender= cao_zhifei@sina.com,nickname==?utf-8?B?56e76IGU5L2w5rGH?=
2014-04-26 14:54:24 [com.common.util.mail.MailSender]-[DEBUG]:  send mail success
2014-04-26 15:05:39 [com.common.util.mail.ConfigLoader]-[DEBUG]: load mail setting success,file path:mail/mail.properties
2014-04-26 15:05:39 [com.common.util.mail.MailSender]-[DEBUG]: set system properties success ：mail.smtp.host= smtp.sina.com
2014-04-26 15:05:39 [com.common.util.mail.MailSender]-[DEBUG]:  create session and mimeMessage success
2014-04-26 15:05:39 [com.common.util.mail.MailSender]-[DEBUG]: set smtp auth success：mail.smtp.auth= true
2014-04-26 15:05:39 [freemarker.cache]-[DEBUG]: Could not find template in cache, creating new one; id=["mailTemplate.ftl"["zh_CN",UTF-8,parsed] ]
2014-04-26 15:05:39 [freemarker.cache]-[DEBUG]: Compiling FreeMarker template "mailTemplate.ftl"["zh_CN",UTF-8,parsed]  from "file:/D:/workspace/mailUtil/target/classes/template/mailTemplate.ftl"
2014-04-26 15:05:40 [com.common.util.mail.MailSender]-[DEBUG]: set mail subject success, subject= test
2014-04-26 15:05:40 [com.common.util.mail.MailSender]-[DEBUG]: set mail body content success,mailBody= <h1>test</h1>模板内容
2014-04-26 15:05:40 [com.common.util.mail.MailSender]-[DEBUG]: set mail receiver success,receiver = 529352479@qq.com
2014-04-26 15:05:40 [com.common.util.mail.MailSender]-[DEBUG]:  set mail sender and nickname success , sender= cao_zhifei@sina.com,nickname==?utf-8?B?56e76IGU5L2w5rGH?=
2014-04-26 15:05:40 [com.common.util.mail.MailSender]-[DEBUG]:  send mail success
2014-04-26 15:28:30 [com.common.util.mail.ConfigLoader]-[DEBUG]: load mail setting success,file path:mail/mail.properties
2014-04-26 15:28:30 [com.common.util.mail.MailSender]-[DEBUG]: set system properties success ：mail.smtp.host= smtp.sina.com
2014-04-26 15:28:30 [com.common.util.mail.MailSender]-[DEBUG]:  create session and mimeMessage success
2014-04-26 15:28:30 [com.common.util.mail.MailSender]-[DEBUG]: set smtp auth success：mail.smtp.auth= true
2014-04-26 15:28:30 [freemarker.cache]-[DEBUG]: Could not find template in cache, creating new one; id=["mailTemplate.ftl"["zh_CN",UTF-8,parsed] ]
2014-04-26 15:28:30 [freemarker.cache]-[DEBUG]: Compiling FreeMarker template "mailTemplate.ftl"["zh_CN",UTF-8,parsed]  from "file:/D:/workspace/mailUtil/target/classes/template/mailTemplate.ftl"
2014-04-26 15:28:30 [com.common.util.mail.ConfigLoader]-[DEBUG]: the template is not found  in the map,template name :mailTemplate.ftl
2014-04-26 15:28:30 [com.common.util.mail.MailSender]-[DEBUG]: set mail subject success, subject= test
2014-04-26 15:28:30 [com.common.util.mail.MailSender]-[DEBUG]: set mail body content success,mailBody= <h1>test</h1>模板内容
2014-04-26 15:28:30 [com.common.util.mail.MailSender]-[DEBUG]: set mail receiver success,receiver = 529352479@qq.com
2014-04-26 15:28:30 [com.common.util.mail.MailSender]-[DEBUG]:  set mail sender and nickname success , sender= cao_zhifei@sina.com,nickname==?utf-8?B?56e76IGU5L2w5rGH?=
2014-04-26 15:28:31 [com.common.util.mail.MailSender]-[DEBUG]:  send mail success
2014-04-26 15:32:17 [com.common.util.mail.ConfigLoader]-[DEBUG]: load mail setting success,file path:mail/mail.properties
2014-04-26 15:32:17 [com.common.util.mail.MailSender]-[DEBUG]: set system properties success ：mail.smtp.host= smtp.sina.com
2014-04-26 15:32:17 [com.common.util.mail.MailSender]-[DEBUG]:  create session and mimeMessage success
2014-04-26 15:32:17 [com.common.util.mail.MailSender]-[DEBUG]: set smtp auth success：mail.smtp.auth= true
2014-04-26 15:32:17 [freemarker.cache]-[DEBUG]: Could not find template in cache, creating new one; id=["template_1.ftl"["zh_CN",UTF-8,parsed] ]
2014-04-26 15:32:17 [com.mail.test.MailUtilTest]-[ERROR]: java.io.FileNotFoundException: Template "template_1.ftl" not found.
java.io.FileNotFoundException: Template "template_1.ftl" not found.
	at freemarker.template.Configuration.getTemplate(Configuration.java:742)
	at freemarker.template.Configuration.getTemplate(Configuration.java:665)
	at com.common.util.mail.TemplateFactory.getTemplateByName(TemplateFactory.java:62)
	at com.common.util.mail.TemplateFactory.generateHtmlFromFtl(TemplateFactory.java:147)
	at com.common.util.mail.MailUtil.sendMailByTemplate(MailUtil.java:49)
	at com.mail.test.MailUtilTest.testMailTemplate(MailUtilTest.java:28)
	at sun.reflect.NativeMethodAccessorImpl.invoke0(Native Method)
	at sun.reflect.NativeMethodAccessorImpl.invoke(Unknown Source)
	at sun.reflect.DelegatingMethodAccessorImpl.invoke(Unknown Source)
	at java.lang.reflect.Method.invoke(Unknown Source)
	at org.junit.runners.model.FrameworkMethod$1.runReflectiveCall(FrameworkMethod.java:45)
	at org.junit.internal.runners.model.ReflectiveCallable.run(ReflectiveCallable.java:15)
	at org.junit.runners.model.FrameworkMethod.invokeExplosively(FrameworkMethod.java:42)
	at org.junit.internal.runners.statements.InvokeMethod.evaluate(InvokeMethod.java:20)
	at org.junit.runners.ParentRunner.runLeaf(ParentRunner.java:263)
	at org.junit.runners.BlockJUnit4ClassRunner.runChild(BlockJUnit4ClassRunner.java:68)
	at org.junit.runners.BlockJUnit4ClassRunner.runChild(BlockJUnit4ClassRunner.java:47)
	at org.junit.runners.ParentRunner$3.run(ParentRunner.java:231)
	at org.junit.runners.ParentRunner$1.schedule(ParentRunner.java:60)
	at org.junit.runners.ParentRunner.runChildren(ParentRunner.java:229)
	at org.junit.runners.ParentRunner.access$000(ParentRunner.java:50)
	at org.junit.runners.ParentRunner$2.evaluate(ParentRunner.java:222)
	at org.junit.runners.ParentRunner.run(ParentRunner.java:300)
	at org.eclipse.jdt.internal.junit4.runner.JUnit4TestReference.run(JUnit4TestReference.java:50)
	at org.eclipse.jdt.internal.junit.runner.TestExecution.run(TestExecution.java:38)
	at org.eclipse.jdt.internal.junit.runner.RemoteTestRunner.runTests(RemoteTestRunner.java:467)
	at org.eclipse.jdt.internal.junit.runner.RemoteTestRunner.runTests(RemoteTestRunner.java:683)
	at org.eclipse.jdt.internal.junit.runner.RemoteTestRunner.run(RemoteTestRunner.java:390)
	at org.eclipse.jdt.internal.junit.runner.RemoteTestRunner.main(RemoteTestRunner.java:197)
2014-04-26 15:32:59 [com.common.util.mail.ConfigLoader]-[DEBUG]: load mail setting success,file path:mail/mail.properties
2014-04-26 15:32:59 [com.common.util.mail.MailSender]-[DEBUG]: set system properties success ：mail.smtp.host= smtp.sina.com
2014-04-26 15:32:59 [com.common.util.mail.MailSender]-[DEBUG]:  create session and mimeMessage success
2014-04-26 15:32:59 [com.common.util.mail.MailSender]-[DEBUG]: set smtp auth success：mail.smtp.auth= true
2014-04-26 15:32:59 [freemarker.cache]-[DEBUG]: Could not find template in cache, creating new one; id=["template_1.flt"["zh_CN",UTF-8,parsed] ]
2014-04-26 15:32:59 [freemarker.cache]-[DEBUG]: Compiling FreeMarker template "template_1.flt"["zh_CN",UTF-8,parsed]  from "file:/D:/workspace/mailUtil/target/classes/template/template_1.flt"
2014-04-26 15:32:59 [com.common.util.mail.ConfigLoader]-[DEBUG]: the template is not found  in the map,template name :template_1.flt
2014-04-26 15:32:59 [com.common.util.mail.MailSender]-[DEBUG]: set mail subject success, subject= test
2014-04-26 15:32:59 [com.common.util.mail.MailSender]-[DEBUG]: set mail body content success,mailBody= <h1>test</h1>模板1内容
2014-04-26 15:32:59 [com.common.util.mail.MailSender]-[DEBUG]: set mail receiver success,receiver = 529352479@qq.com
2014-04-26 15:32:59 [com.common.util.mail.MailSender]-[DEBUG]:  set mail sender and nickname success , sender= cao_zhifei@sina.com,nickname==?utf-8?B?56e76IGU5L2w5rGH?=
2014-04-26 15:33:00 [com.common.util.mail.MailSender]-[DEBUG]:  send mail success
